2025-04-27 09:44:59,344 - visualize - ERROR: Failed to visualize Bitcoin price: Invalid comparison between dtype=datetime64[ns, UTC] and Timestamp
2025-04-27 10:41:08,436 - visualize - INFO: Price chart saved to /Users/adam/CS340_S25_Leo/Output/Bitcoin_Price_1y.png
2025-04-27 10:42:21,466 - visualize - INFO: Price chart saved to /Users/adam/CS340_S25_Leo/Output/Bitcoin_Price_1y.png
2025-04-27 10:42:36,413 - visualize - INFO: Price chart saved to /Users/adam/CS340_S25_Leo/Output/Bitcoin_Price_1m.png
2025-04-27 10:46:35,900 - visualize - INFO: Price chart saved to /Users/adam/CS340_S25_Leo/Output/Bitcoin_Price_1y.png
2025-04-27 10:46:56,366 - visualize - ERROR: Failed to visualize Bitcoin price: Failed to convert value(s) to axis units: array([Timestamp('2012-01-01 10:01:00+0000', tz='UTC'),
       Timestamp('2012-01-01 10:02:00+0000', tz='UTC'),
       Timestamp('2012-01-01 10:03:00+0000', tz='UTC'), ..., NaT, NaT,
       NaT], dtype=object)
2025-04-27 10:50:41,801 - visualize - INFO: Price chart saved to /Users/adam/CS340_S25_Leo/Output/Bitcoin_Price_1y.png
2025-04-27 10:52:57,473 - visualize - INFO: Price chart saved to /Users/adam/CS340_S25_Leo/Output/Bitcoin_Price_1y.png
2025-04-27 10:53:10,365 - visualize - INFO: Price chart saved to /Users/adam/CS340_S25_Leo/Output/Bitcoin_Price_all.png
2025-04-27 11:04:42,803 - visualize - INFO: Price chart saved to /Users/adam/CS340_S25_Leo/Output/Bitcoin_Price_1y.png
2025-04-27 11:04:48,744 - visualize - INFO: Price chart saved to /Users/adam/CS340_S25_Leo/Output/Bitcoin_Price_all.png
2025-04-27 11:06:50,704 - visualize - INFO: Price chart saved to /Users/adam/CS340_S25_Leo/Output/Bitcoin_Price_1y.png
2025-04-27 11:06:56,556 - visualize - INFO: Price chart saved to /Users/adam/CS340_S25_Leo/Output/Bitcoin_Price_all.png
2025-04-27 11:12:27,284 - visualize - INFO: Price chart saved to /Users/adam/CS340_S25_Leo/Output/Bitcoin_Price_1m.png
2025-04-27 11:12:33,004 - visualize - INFO: Price chart saved to /Users/adam/CS340_S25_Leo/Output/Bitcoin_Price_3m.png
2025-04-27 11:12:38,798 - visualize - INFO: Price chart saved to /Users/adam/CS340_S25_Leo/Output/Bitcoin_Price_6m.png
2025-04-27 11:14:53,040 - visualize - INFO: Price chart saved to /Users/adam/CS340_S25_Leo/Output/Bitcoin_Price_3m.png
2025-04-27 11:14:58,703 - visualize - INFO: Price chart saved to /Users/adam/CS340_S25_Leo/Output/Bitcoin_Price_6m.png
2025-04-27 11:15:04,521 - visualize - INFO: Price chart saved to /Users/adam/CS340_S25_Leo/Output/Bitcoin_Price_1y.png
2025-04-27 11:15:10,367 - visualize - INFO: Price chart saved to /Users/adam/CS340_S25_Leo/Output/Bitcoin_Price_3y.png
2025-04-27 11:15:16,141 - visualize - INFO: Price chart saved to /Users/adam/CS340_S25_Leo/Output/Bitcoin_Price_5y.png
2025-04-27 11:15:22,316 - visualize - INFO: Price chart saved to /Users/adam/CS340_S25_Leo/Output/Bitcoin_Price_all.png
2025-04-27 11:18:30,888 - visualize - INFO: Price chart saved to /Users/adam/CS340_S25_Leo/Output/Bitcoin_Price_3m.png
2025-04-27 11:18:36,564 - visualize - INFO: Price chart saved to /Users/adam/CS340_S25_Leo/Output/Bitcoin_Price_6m.png
2025-04-27 11:18:42,203 - visualize - INFO: Price chart saved to /Users/adam/CS340_S25_Leo/Output/Bitcoin_Price_1y.png
2025-04-27 11:18:48,076 - visualize - INFO: Price chart saved to /Users/adam/CS340_S25_Leo/Output/Bitcoin_Price_3y.png
2025-04-27 11:18:53,977 - visualize - INFO: Price chart saved to /Users/adam/CS340_S25_Leo/Output/Bitcoin_Price_5y.png
2025-04-27 11:19:00,152 - visualize - INFO: Price chart saved to /Users/adam/CS340_S25_Leo/Output/Bitcoin_Price_all.png
2025-04-27 21:50:39,714 - visualize - INFO: Price chart saved to C:\Users\ajsku\OneDrive\Documents\GitHub\CS340_S25_Leo\Output\Bitcoin_Price_3m.png
2025-04-27 21:50:52,678 - visualize - INFO: Price chart saved to C:\Users\ajsku\OneDrive\Documents\GitHub\CS340_S25_Leo\Output\Bitcoin_Price_6m.png
2025-04-27 21:51:05,905 - visualize - INFO: Price chart saved to C:\Users\ajsku\OneDrive\Documents\GitHub\CS340_S25_Leo\Output\Bitcoin_Price_1y.png
2025-04-27 21:51:19,116 - visualize - INFO: Price chart saved to C:\Users\ajsku\OneDrive\Documents\GitHub\CS340_S25_Leo\Output\Bitcoin_Price_3y.png
2025-04-27 21:55:37,891 - visualize - INFO: Price chart saved to C:\Users\ajsku\OneDrive\Documents\GitHub\CS340_S25_Leo\Output\Bitcoin_Price_1m.png
2025-04-27 22:00:24,166 - visualize - INFO: Price chart saved to C:\Users\ajsku\OneDrive\Documents\GitHub\CS340_S25_Leo\Output\Bitcoin_Price_1m.png
2025-04-27 22:10:37,147 - visualize - INFO: Price chart saved to C:\Users\ajsku\OneDrive\Documents\GitHub\CS340_S25_Leo\Output\Bitcoin_Price_1m.png
2025-05-08 17:28:11,575 - visualize - INFO: Price chart saved to C:\Users\bisho\CS340_S25_Leo\Output\Bitcoin_Price_6m.png
2025-05-08 17:28:24,635 - visualize - INFO: Price chart saved to C:\Users\bisho\CS340_S25_Leo\Output\Bitcoin_Price_3m.png
2025-05-08 17:28:37,830 - visualize - INFO: Price chart saved to C:\Users\bisho\CS340_S25_Leo\Output\Bitcoin_Price_6m.png
2025-05-08 17:28:52,812 - visualize - INFO: Price chart saved to C:\Users\bisho\CS340_S25_Leo\Output\Bitcoin_Price_1y.png
2025-05-08 17:29:14,644 - visualize - INFO: Price chart saved to C:\Users\bisho\CS340_S25_Leo\Output\Bitcoin_Price_3y.png
2025-05-08 17:44:05,986 - visualize - INFO: Price chart saved to C:\Users\bisho\CS340_S25_Leo\Output\Bitcoin_Price_6m.png
2025-05-08 17:44:19,101 - visualize - INFO: Price chart saved to C:\Users\bisho\CS340_S25_Leo\Output\Bitcoin_Price_3m.png
2025-05-08 17:44:32,665 - visualize - INFO: Price chart saved to C:\Users\bisho\CS340_S25_Leo\Output\Bitcoin_Price_6m.png
2025-05-08 17:44:46,571 - visualize - INFO: Price chart saved to C:\Users\bisho\CS340_S25_Leo\Output\Bitcoin_Price_1y.png
2025-05-08 17:53:46,936 - visualize - INFO: Price chart saved to C:\Users\bisho\CS340_S25_Leo\Output\Bitcoin_Price_5y.png
2025-05-08 17:53:59,796 - visualize - INFO: Price chart saved to C:\Users\bisho\CS340_S25_Leo\Output\Bitcoin_Price_3m.png
2025-05-08 17:54:13,567 - visualize - INFO: Price chart saved to C:\Users\bisho\CS340_S25_Leo\Output\Bitcoin_Price_6m.png
2025-05-08 17:59:45,639 - visualize - INFO: Price chart saved to C:\Users\bisho\CS340_S25_Leo\Output\Bitcoin_Price_3m.png
2025-05-08 18:09:33,795 - visualize - INFO: Price chart saved to C:\Users\bisho\CS340_S25_Leo\Output\Bitcoin_Price_6m.png
2025-05-08 18:11:49,475 - visualize - INFO: Price chart saved to C:\Users\bisho\CS340_S25_Leo\Output\Bitcoin_Price_1y.png
2025-05-08 18:11:59,429 - visualize - INFO: Saved C:\Users\bisho\CS340_S25_Leo\Output\hist_Timestamp.png
2025-05-08 18:12:41,080 - visualize - INFO: Saved C:\Users\bisho\CS340_S25_Leo\Output\hist_Open.png
2025-05-08 18:12:46,423 - visualize - INFO: Saved C:\Users\bisho\CS340_S25_Leo\Output\hist_High.png
2025-05-08 18:12:49,207 - visualize - INFO: Saved C:\Users\bisho\CS340_S25_Leo\Output\hist_Low.png
2025-05-08 18:12:51,683 - visualize - INFO: Saved C:\Users\bisho\CS340_S25_Leo\Output\hist_Close.png
2025-05-08 18:12:54,434 - visualize - INFO: Saved C:\Users\bisho\CS340_S25_Leo\Output\hist_Volume.png
2025-05-08 18:13:22,585 - visualize - INFO: Saved C:\Users\bisho\CS340_S25_Leo\Output\violin_Timestamp.png
2025-05-08 18:13:32,828 - visualize - INFO: Saved C:\Users\bisho\CS340_S25_Leo\Output\box_Timestamp.png
2025-05-08 18:14:02,967 - visualize - INFO: Saved C:\Users\bisho\CS340_S25_Leo\Output\violin_Open.png
2025-05-08 18:14:15,176 - visualize - INFO: Saved C:\Users\bisho\CS340_S25_Leo\Output\box_Open.png
2025-05-08 18:14:55,291 - visualize - INFO: Saved C:\Users\bisho\CS340_S25_Leo\Output\violin_High.png
2025-05-08 18:15:09,286 - visualize - INFO: Saved C:\Users\bisho\CS340_S25_Leo\Output\box_High.png
2025-05-08 18:18:24,494 - visualize - INFO: Price chart saved to C:\Users\bisho\CS340_S25_Leo\Output\Bitcoin_Price_5y.png
2025-05-08 18:18:58,897 - visualize - INFO: Saved C:\Users\bisho\CS340_S25_Leo\Output\violin_Timestamp.png
2025-05-08 18:19:05,227 - visualize - INFO: Saved C:\Users\bisho\CS340_S25_Leo\Output\box_Timestamp.png
2025-05-08 18:19:30,695 - visualize - INFO: Saved C:\Users\bisho\CS340_S25_Leo\Output\violin_Open.png
2025-05-08 18:19:38,356 - visualize - INFO: Saved C:\Users\bisho\CS340_S25_Leo\Output\box_Open.png
2025-05-08 18:20:04,508 - visualize - INFO: Saved C:\Users\bisho\CS340_S25_Leo\Output\violin_High.png
2025-05-08 18:20:12,323 - visualize - INFO: Saved C:\Users\bisho\CS340_S25_Leo\Output\box_High.png
2025-05-08 18:20:37,192 - visualize - INFO: Saved C:\Users\bisho\CS340_S25_Leo\Output\violin_Low.png
2025-05-08 18:20:47,244 - visualize - INFO: Saved C:\Users\bisho\CS340_S25_Leo\Output\box_Low.png
2025-05-08 18:32:16,068 - visualize - INFO: Price chart saved to C:\Users\bisho\CS340_S25_Leo\Output\Bitcoin_Price_3m.png
2025-05-08 18:32:28,128 - visualize - INFO: Saved C:\Users\bisho\CS340_S25_Leo\Output\hist_Timestamp.png
2025-05-08 18:32:28,558 - visualize - INFO: Saved C:\Users\bisho\CS340_S25_Leo\Output\hist_Open.png
2025-05-08 18:32:29,021 - visualize - INFO: Saved C:\Users\bisho\CS340_S25_Leo\Output\hist_High.png
2025-05-08 18:32:29,442 - visualize - INFO: Saved C:\Users\bisho\CS340_S25_Leo\Output\hist_Low.png
2025-05-08 18:32:29,872 - visualize - INFO: Saved C:\Users\bisho\CS340_S25_Leo\Output\hist_Close.png
2025-05-08 18:32:30,299 - visualize - INFO: Saved C:\Users\bisho\CS340_S25_Leo\Output\hist_Volume.png
2025-05-08 18:32:52,632 - visualize - INFO: Saved C:\Users\bisho\CS340_S25_Leo\Output\violin_Timestamp.png
2025-05-08 18:32:58,859 - visualize - INFO: Saved C:\Users\bisho\CS340_S25_Leo\Output\box_Timestamp.png
2025-05-08 18:33:23,167 - visualize - INFO: Saved C:\Users\bisho\CS340_S25_Leo\Output\violin_Open.png
2025-05-08 18:33:30,597 - visualize - INFO: Saved C:\Users\bisho\CS340_S25_Leo\Output\box_Open.png
2025-05-08 18:33:54,988 - visualize - INFO: Saved C:\Users\bisho\CS340_S25_Leo\Output\violin_High.png
2025-05-08 18:34:02,457 - visualize - INFO: Saved C:\Users\bisho\CS340_S25_Leo\Output\box_High.png
2025-05-08 18:34:27,023 - visualize - INFO: Saved C:\Users\bisho\CS340_S25_Leo\Output\violin_Low.png
2025-05-08 18:34:34,421 - visualize - INFO: Saved C:\Users\bisho\CS340_S25_Leo\Output\box_Low.png
2025-05-08 18:34:58,946 - visualize - INFO: Saved C:\Users\bisho\CS340_S25_Leo\Output\violin_Close.png
2025-05-08 18:35:06,432 - visualize - INFO: Saved C:\Users\bisho\CS340_S25_Leo\Output\box_Close.png
2025-05-08 18:35:38,967 - visualize - INFO: Saved C:\Users\bisho\CS340_S25_Leo\Output\violin_Volume.png
2025-05-08 18:35:48,662 - visualize - INFO: Saved C:\Users\bisho\CS340_S25_Leo\Output\box_Volume.png
2025-05-08 18:36:26,837 - visualize - INFO: Saved C:\Users\bisho\CS340_S25_Leo\Output\scatter_Timestamp_vs_Open.png
2025-05-08 18:46:15,914 - visualize - INFO: Price chart saved to C:\Users\bisho\CS340_S25_Leo\Output\Bitcoin_Price_3m.png
2025-05-08 18:46:30,252 - visualize - INFO: Saved C:\Users\bisho\CS340_S25_Leo\Output\hist_Timestamp.png
2025-05-08 18:46:30,664 - visualize - INFO: Saved C:\Users\bisho\CS340_S25_Leo\Output\hist_Open.png
2025-05-08 18:46:31,138 - visualize - INFO: Saved C:\Users\bisho\CS340_S25_Leo\Output\hist_High.png
2025-05-08 18:46:31,571 - visualize - INFO: Saved C:\Users\bisho\CS340_S25_Leo\Output\hist_Low.png
2025-05-08 18:46:31,995 - visualize - INFO: Saved C:\Users\bisho\CS340_S25_Leo\Output\hist_Close.png
2025-05-08 18:46:32,423 - visualize - INFO: Saved C:\Users\bisho\CS340_S25_Leo\Output\hist_Volume.png
2025-05-08 18:46:54,711 - visualize - INFO: Saved C:\Users\bisho\CS340_S25_Leo\Output\violin_Timestamp.png
2025-05-08 18:47:01,214 - visualize - INFO: Saved C:\Users\bisho\CS340_S25_Leo\Output\box_Timestamp.png
2025-05-08 18:47:25,465 - visualize - INFO: Saved C:\Users\bisho\CS340_S25_Leo\Output\violin_Open.png
2025-05-08 18:47:32,882 - visualize - INFO: Saved C:\Users\bisho\CS340_S25_Leo\Output\box_Open.png
2025-05-08 18:47:57,289 - visualize - INFO: Saved C:\Users\bisho\CS340_S25_Leo\Output\violin_High.png
2025-05-08 18:48:04,677 - visualize - INFO: Saved C:\Users\bisho\CS340_S25_Leo\Output\box_High.png
2025-05-08 18:48:29,363 - visualize - INFO: Saved C:\Users\bisho\CS340_S25_Leo\Output\violin_Low.png
2025-05-08 18:48:37,398 - visualize - INFO: Saved C:\Users\bisho\CS340_S25_Leo\Output\box_Low.png
2025-05-08 18:49:04,756 - visualize - INFO: Saved C:\Users\bisho\CS340_S25_Leo\Output\violin_Close.png
2025-05-08 18:49:12,230 - visualize - INFO: Saved C:\Users\bisho\CS340_S25_Leo\Output\box_Close.png
2025-05-08 18:49:42,001 - visualize - INFO: Saved C:\Users\bisho\CS340_S25_Leo\Output\violin_Volume.png
2025-05-08 18:49:51,921 - visualize - INFO: Saved C:\Users\bisho\CS340_S25_Leo\Output\box_Volume.png
2025-05-08 18:50:30,398 - visualize - INFO: Saved C:\Users\bisho\CS340_S25_Leo\Output\scatter_Timestamp_vs_Open.png
2025-05-08 18:59:49,358 - visualize - INFO: Price chart saved to C:\Users\bisho\CS340_S25_Leo\Output\Bitcoin_Price_3m.png
2025-05-08 19:00:03,174 - visualize - INFO: Price chart saved to C:\Users\bisho\CS340_S25_Leo\Output\Bitcoin_Price_6m.png
2025-05-08 19:00:16,513 - visualize - INFO: Price chart saved to C:\Users\bisho\CS340_S25_Leo\Output\Bitcoin_Price_1y.png
2025-05-08 19:00:29,620 - visualize - INFO: Price chart saved to C:\Users\bisho\CS340_S25_Leo\Output\Bitcoin_Price_3y.png
2025-05-08 19:00:43,511 - visualize - INFO: Price chart saved to C:\Users\bisho\CS340_S25_Leo\Output\Bitcoin_Price_5y.png
2025-05-08 19:00:58,252 - visualize - INFO: Price chart saved to C:\Users\bisho\CS340_S25_Leo\Output\Bitcoin_Price_all.png
2025-05-08 19:02:18,414 - visualize - INFO: Price chart saved to C:\Users\bisho\CS340_S25_Leo\Output\Bitcoin_Price_3m.png
2025-05-08 19:02:31,277 - visualize - INFO: Price chart saved to C:\Users\bisho\CS340_S25_Leo\Output\Bitcoin_Price_6m.png
2025-05-08 19:02:43,882 - visualize - INFO: Price chart saved to C:\Users\bisho\CS340_S25_Leo\Output\Bitcoin_Price_1y.png
2025-05-08 19:02:57,289 - visualize - INFO: Price chart saved to C:\Users\bisho\CS340_S25_Leo\Output\Bitcoin_Price_3y.png
2025-05-08 19:03:10,394 - visualize - INFO: Price chart saved to C:\Users\bisho\CS340_S25_Leo\Output\Bitcoin_Price_5y.png
2025-05-08 19:03:24,167 - visualize - INFO: Price chart saved to C:\Users\bisho\CS340_S25_Leo\Output\Bitcoin_Price_all.png
2025-05-08 20:27:06,882 - visualize - INFO: Price chart saved to /Users/adam/CS340_S25_Leo/Output/Bitcoin_Price_6m.png
2025-05-08 20:27:20,064 - visualize - INFO: Saved /Users/adam/CS340_S25_Leo/Output/hist_Timestamp.png
2025-05-08 20:27:20,445 - visualize - INFO: Saved /Users/adam/CS340_S25_Leo/Output/hist_Open.png
2025-05-08 20:27:20,808 - visualize - INFO: Saved /Users/adam/CS340_S25_Leo/Output/hist_High.png
2025-05-08 20:27:21,175 - visualize - INFO: Saved /Users/adam/CS340_S25_Leo/Output/hist_Low.png
2025-05-08 20:27:21,539 - visualize - INFO: Saved /Users/adam/CS340_S25_Leo/Output/hist_Close.png
2025-05-08 20:27:21,982 - visualize - INFO: Saved /Users/adam/CS340_S25_Leo/Output/hist_Volume.png
2025-05-08 20:27:27,636 - visualize - INFO: Saved /Users/adam/CS340_S25_Leo/Output/violin_Timestamp.png
2025-05-08 20:27:31,185 - visualize - INFO: Saved /Users/adam/CS340_S25_Leo/Output/box_Timestamp.png
2025-05-08 20:27:36,644 - visualize - INFO: Saved /Users/adam/CS340_S25_Leo/Output/violin_Open.png
2025-05-08 20:27:40,476 - visualize - INFO: Saved /Users/adam/CS340_S25_Leo/Output/box_Open.png
2025-05-08 20:27:45,914 - visualize - INFO: Saved /Users/adam/CS340_S25_Leo/Output/violin_High.png
2025-05-08 20:27:49,733 - visualize - INFO: Saved /Users/adam/CS340_S25_Leo/Output/box_High.png
2025-05-08 20:27:55,206 - visualize - INFO: Saved /Users/adam/CS340_S25_Leo/Output/violin_Low.png
2025-05-08 20:27:58,999 - visualize - INFO: Saved /Users/adam/CS340_S25_Leo/Output/box_Low.png
2025-05-08 20:28:04,489 - visualize - INFO: Saved /Users/adam/CS340_S25_Leo/Output/violin_Close.png
2025-05-08 20:28:08,286 - visualize - INFO: Saved /Users/adam/CS340_S25_Leo/Output/box_Close.png
2025-05-08 20:28:13,582 - visualize - INFO: Saved /Users/adam/CS340_S25_Leo/Output/violin_Volume.png
2025-05-08 20:28:17,934 - visualize - INFO: Saved /Users/adam/CS340_S25_Leo/Output/box_Volume.png
2025-05-08 20:28:27,102 - visualize - INFO: Saved /Users/adam/CS340_S25_Leo/Output/scatter_Timestamp_vs_Open.png
2025-05-08 21:35:28,661 - visualize - INFO: Price chart saved to /Users/adam/CS340_S25_Leo/Output/Bitcoin_Price_all.png
2025-05-08 21:36:13,783 - visualize - INFO: Price chart saved to /Users/adam/CS340_S25_Leo/Output/Bitcoin_Price_3y.png
2025-05-08 21:36:33,976 - visualize - INFO: Price chart saved to /Users/adam/CS340_S25_Leo/Output/Bitcoin_Price_5y.png
2025-05-08 21:37:01,241 - visualize - INFO: Saved /Users/adam/CS340_S25_Leo/Output/hist_Timestamp.png
2025-05-08 21:37:01,618 - visualize - INFO: Saved /Users/adam/CS340_S25_Leo/Output/hist_Open.png
2025-05-08 21:37:01,993 - visualize - INFO: Saved /Users/adam/CS340_S25_Leo/Output/hist_High.png
2025-05-08 21:37:02,371 - visualize - INFO: Saved /Users/adam/CS340_S25_Leo/Output/hist_Low.png
2025-05-08 21:37:02,752 - visualize - INFO: Saved /Users/adam/CS340_S25_Leo/Output/hist_Close.png
2025-05-08 21:37:03,211 - visualize - INFO: Saved /Users/adam/CS340_S25_Leo/Output/hist_Volume.png
2025-05-08 21:37:08,986 - visualize - INFO: Saved /Users/adam/CS340_S25_Leo/Output/violin_Timestamp.png
2025-05-08 21:37:12,556 - visualize - INFO: Saved /Users/adam/CS340_S25_Leo/Output/box_Timestamp.png
2025-05-08 21:37:18,037 - visualize - INFO: Saved /Users/adam/CS340_S25_Leo/Output/violin_Open.png
2025-05-08 21:37:21,780 - visualize - INFO: Saved /Users/adam/CS340_S25_Leo/Output/box_Open.png
2025-05-08 21:37:27,280 - visualize - INFO: Saved /Users/adam/CS340_S25_Leo/Output/violin_High.png
2025-05-08 21:37:31,049 - visualize - INFO: Saved /Users/adam/CS340_S25_Leo/Output/box_High.png
2025-05-08 21:37:36,481 - visualize - INFO: Saved /Users/adam/CS340_S25_Leo/Output/violin_Low.png
2025-05-08 21:37:40,260 - visualize - INFO: Saved /Users/adam/CS340_S25_Leo/Output/box_Low.png
2025-05-08 21:37:45,847 - visualize - INFO: Saved /Users/adam/CS340_S25_Leo/Output/violin_Close.png
2025-05-08 21:37:49,584 - visualize - INFO: Saved /Users/adam/CS340_S25_Leo/Output/box_Close.png
2025-05-08 21:37:54,749 - visualize - INFO: Saved /Users/adam/CS340_S25_Leo/Output/violin_Volume.png
2025-05-08 21:37:59,354 - visualize - INFO: Saved /Users/adam/CS340_S25_Leo/Output/box_Volume.png
2025-05-08 21:38:08,706 - visualize - INFO: Saved /Users/adam/CS340_S25_Leo/Output/scatter_Timestamp_vs_Open.png
2025-05-08 21:48:44,960 - visualize - INFO: Price chart saved to /Users/adam/CS340_S25_Leo/Output/Bitcoin_Price_all.png
2025-05-08 21:48:57,523 - visualize - INFO: Saved /Users/adam/CS340_S25_Leo/Output/hist_Timestamp.png
2025-05-08 21:48:57,902 - visualize - INFO: Saved /Users/adam/CS340_S25_Leo/Output/hist_Open.png
2025-05-08 21:48:58,271 - visualize - INFO: Saved /Users/adam/CS340_S25_Leo/Output/hist_High.png
2025-05-08 21:48:58,645 - visualize - INFO: Saved /Users/adam/CS340_S25_Leo/Output/hist_Low.png
2025-05-08 21:48:59,018 - visualize - INFO: Saved /Users/adam/CS340_S25_Leo/Output/hist_Close.png
2025-05-08 21:48:59,461 - visualize - INFO: Saved /Users/adam/CS340_S25_Leo/Output/hist_Volume.png
2025-05-08 21:49:05,419 - visualize - INFO: Saved /Users/adam/CS340_S25_Leo/Output/violin_Timestamp.png
2025-05-08 21:49:08,925 - visualize - INFO: Saved /Users/adam/CS340_S25_Leo/Output/box_Timestamp.png
2025-05-08 21:49:14,469 - visualize - INFO: Saved /Users/adam/CS340_S25_Leo/Output/violin_Open.png
2025-05-08 21:49:18,332 - visualize - INFO: Saved /Users/adam/CS340_S25_Leo/Output/box_Open.png
2025-05-08 21:49:23,899 - visualize - INFO: Saved /Users/adam/CS340_S25_Leo/Output/violin_High.png
2025-05-08 21:49:27,752 - visualize - INFO: Saved /Users/adam/CS340_S25_Leo/Output/box_High.png
2025-05-08 21:49:33,254 - visualize - INFO: Saved /Users/adam/CS340_S25_Leo/Output/violin_Low.png
2025-05-08 21:49:37,187 - visualize - INFO: Saved /Users/adam/CS340_S25_Leo/Output/box_Low.png
2025-05-08 21:49:42,832 - visualize - INFO: Saved /Users/adam/CS340_S25_Leo/Output/violin_Close.png
2025-05-08 21:49:46,750 - visualize - INFO: Saved /Users/adam/CS340_S25_Leo/Output/box_Close.png
2025-05-08 21:49:51,851 - visualize - INFO: Saved /Users/adam/CS340_S25_Leo/Output/violin_Volume.png
2025-05-08 21:49:56,316 - visualize - INFO: Saved /Users/adam/CS340_S25_Leo/Output/box_Volume.png
2025-05-08 21:50:05,902 - visualize - INFO: Saved /Users/adam/CS340_S25_Leo/Output/scatter_Timestamp_vs_Open.png
